Removed Pin From Net: NetName=PA5 Pin=P1-1
Removed Pin From Net: NetName=PA8 Pin=P1-2
Removed Pin From Net: NetName=PA11 Pin=P1-3
Removed Pin From Net: NetName=PA12 Pin=P1-4
Removed Pin From Net: NetName=PB0 Pin=P1-5
Removed Pin From Net: NetName=PB1 Pin=P1-6
Removed Pin From Net: NetName=PB12 Pin=P1-10
Removed Pin From Net: NetName=PD2 Pin=P1-11
Removed Pin From Net: NetName=PB13 Pin=P1-12
Removed Pin From Net: NetName=PC4 Pin=P2-1
Removed Pin From Net: NetName=PC5 Pin=P2-2
Removed Pin From Net: NetName=PC6 Pin=P2-3
Removed Pin From Net: NetName=PC7 Pin=P2-4
Removed Pin From Net: NetName=PC9 Pin=P2-6
Removed Pin From Net: NetName=PC10 Pin=P2-7
Removed Pin From Net: NetName=PC11 Pin=P2-8
Removed Pin From Net: NetName=PC12 Pin=P2-9
Removed Pin From Net: NetName=PC13 Pin=P2-10
Removed Pin From Net: NetName=PC14 Pin=P2-11
Removed Pin From Net: NetName=PC15 Pin=P2-12
Change Component DesignItemId : Designator=P1 Old DesignItemId=Header 6X2 New DesignItemId=Header 9
Change Component DesignItemId : Designator=P2 Old DesignItemId=Header 6X2 New DesignItemId=Header 9
Change Component Footprint: Designator=P1 Old Footprint=HDR2X6 New Footprint=HDR1X9
Change Component Footprint: Designator=P2 Old Footprint=HDR2X6 New Footprint=HDR1X9
Change Component Comment : Designator=P1 Old Comment=Header 6X2 New Comment=Header 9
Change Component Comment : Designator=P2 Old Comment=Header 6X2 New Comment=Header 9
Added Pin To Net: NetName=PC10 Pin=P1-1
Added Pin To Net: NetName=PC11 Pin=P1-2
Added Pin To Net: NetName=PC12 Pin=P1-3
Added Pin To Net: NetName=PC13 Pin=P1-4
Added Pin To Net: NetName=PC14 Pin=P1-5
Added Pin To Net: NetName=PC15 Pin=P1-6
Added Pin To Net: NetName=PA12 Pin=P2-1
Added Pin To Net: NetName=PA11 Pin=P2-2
Added Pin To Net: NetName=PA8 Pin=P2-3
Added Pin To Net: NetName=PC9 Pin=P2-4
Added Pin To Net: NetName=PC7 Pin=P2-6
Added Pin To Net: NetName=PC6 Pin=P2-7
Added Pin To Net: NetName=PB13 Pin=P2-8
Added Pin To Net: NetName=PB12 Pin=P2-9
Added Room: Name=F405 MCU
