Change Component DesignItemId : Designator=C12 Old DesignItemId=CAP/0603 New DesignItemId=CAP/0805
Change Component DesignItemId : Designator=C16 Old DesignItemId=CAP/0603 New DesignItemId=CAP/0805
Change Component DesignItemId : Designator=C17 Old DesignItemId=CAP/0603 New DesignItemId=CAP/0805
Change Component DesignItemId : Designator=C18 Old DesignItemId=CAP/0603 New DesignItemId=CAP/0805
Change Component DesignItemId : Designator=C19 Old DesignItemId=CAP/0603 New DesignItemId=CAP/0805
Change Component Footprint: Designator=C12 Old Footprint=0603 New Footprint=0805
Change Component Footprint: Designator=C16 Old Footprint=0603 New Footprint=0805
Change Component Footprint: Designator=C17 Old Footprint=0603 New Footprint=0805
Change Component Footprint: Designator=C18 Old Footprint=0603 New Footprint=0805
Change Component Footprint: Designator=C19 Old Footprint=0603 New Footprint=0805
Change Component Comment : Designator=C12 Old Comment=22uF New Comment=22uF/0805/16V
Change Component Comment : Designator=C16 Old Comment=22uF New Comment=22uF/0805/16V
Change Component Comment : Designator=C17 Old Comment=22uF New Comment=22uF/0805/16V
Change Component Comment : Designator=C18 Old Comment=22uF New Comment=22uF/0805/16V
Change Component Comment : Designator=C19 Old Comment=22uF New Comment=22uF/0805/16V
Change Component Description : Designator=Q1 Old Description=NPN贴片 New Description=NPN贴片三极管
Change Component Description : Designator=Q2 Old Description=NPN贴片 New Description=NPN贴片三极管
Change Component Description : Designator=Swtich Old Description=开? New Description=开关
Change Component Description : Designator=C1 Old Description=无极性 New Description=无极性电容
Change Component Description : Designator=C2 Old Description=无极性 New Description=无极性电容
Change Component Description : Designator=C3 Old Description=无极性 New Description=无极性电容
Change Component Description : Designator=C4 Old Description=无极性 New Description=无极性电容
Change Component Description : Designator=C5 Old Description=无极性 New Description=无极性电容
Change Component Description : Designator=C6 Old Description=无极性 New Description=无极性电容
Change Component Description : Designator=C7 Old Description=无极性 New Description=无极性电容
Change Component Description : Designator=C8 Old Description=无极性 New Description=无极性电容
Change Component Description : Designator=C9 Old Description=无极性 New Description=无极性电容
Change Component Description : Designator=C10 Old Description=无极性 New Description=无极性电容
Change Component Description : Designator=C11 Old Description=无极性 New Description=无极性电容
Change Component Description : Designator=U2 Old Description=稳压 New Description=稳压芯片
Change Component Description : Designator=X1 Old Description=贴片 New Description=贴片晶振
Added Member To Class: ClassName=F405 MCU Member=Component X1 16M
Added Room: Name=F405 MCU
