Removed Pin From Net: NetName=PA11 Pin=P1-5
Removed Pin From Net: NetName=PA12 Pin=P1-6
Removed Pin From Net: NetName=PB0 Pin=P1-7
Removed Pin From Net: NetName=PB1 Pin=P1-8
Removed Pin From Net: NetName=PB3 Pin=P1-9
Removed Pin From Net: NetName=PB4 Pin=P1-10
Removed Pin From Net: NetName=PB5 Pin=P1-11
Removed Pin From Net: NetName=PB12 Pin=P1-18
Removed Pin From Net: NetName=PC4 Pin=P2-5
Removed Pin From Net: NetName=PC5 Pin=P2-6
Removed Pin From Net: NetName=PC6 Pin=P2-7
Removed Pin From Net: NetName=PC7 Pin=P2-8
Removed Pin From Net: NetName=PC8 Pin=P2-9
Removed Pin From Net: NetName=PC9 Pin=P2-10
Removed Pin From Net: NetName=PC10 Pin=P2-11
Removed Pin From Net: NetName=PC11 Pin=P2-12
Removed Pin From Net: NetName=PC12 Pin=P2-13
Removed Pin From Net: NetName=PC13 Pin=P2-14
Removed Pin From Net: NetName=PC14 Pin=P2-15
Removed Pin From Net: NetName=PC15 Pin=P2-16
Removed Pin From Net: NetName=PB13 Pin=P2-17
Removed Pin From Net: NetName=PD2 Pin=P2-18
Change Component DesignItemId : Designator=P1 Old DesignItemId=Header 9X2 New DesignItemId=Header 6X2
Change Component DesignItemId : Designator=P2 Old DesignItemId=Header 9X2 New DesignItemId=Header 6X2
Change Component Footprint: Designator=P1 Old Footprint=HDR2X9 New Footprint=HDR2X6
Change Component Footprint: Designator=P2 Old Footprint=HDR2X9 New Footprint=HDR2X6
Change Component Comment : Designator=P1 Old Comment=Header 9X2 New Comment=Header 6X2
Change Component Comment : Designator=P2 Old Comment=Header 9X2 New Comment=Header 6X2
Added Pin To Net: NetName=PA11 Pin=P1-3
Added Pin To Net: NetName=PA12 Pin=P1-4
Added Pin To Net: NetName=PB0 Pin=P1-5
Added Pin To Net: NetName=PB1 Pin=P1-6
Added Pin To Net: NetName=PB3 Pin=P1-7
Added Pin To Net: NetName=PB4 Pin=P1-8
Added Pin To Net: NetName=PB5 Pin=P1-9
Added Pin To Net: NetName=PB12 Pin=P1-10
Added Pin To Net: NetName=PD2 Pin=P1-11
Added Pin To Net: NetName=PB13 Pin=P1-12
Added Pin To Net: NetName=PC4 Pin=P2-1
Added Pin To Net: NetName=PC5 Pin=P2-2
Added Pin To Net: NetName=PC6 Pin=P2-3
Added Pin To Net: NetName=PC7 Pin=P2-4
Added Pin To Net: NetName=PC8 Pin=P2-5
Added Pin To Net: NetName=PC9 Pin=P2-6
Added Pin To Net: NetName=PC10 Pin=P2-7
Added Pin To Net: NetName=PC11 Pin=P2-8
Added Pin To Net: NetName=PC12 Pin=P2-9
Added Pin To Net: NetName=PC13 Pin=P2-10
Added Pin To Net: NetName=PC14 Pin=P2-11
Added Pin To Net: NetName=PC15 Pin=P2-12
Added Member To Class: ClassName=F405 MCU Member=Component R11 10K/0603/5%
Added Room: Name=F405 MCU
